<?xml version="1.0" encoding="UTF-8"?>
<coverage generated="1663996874169" clover="3.2.0">
  <project timestamp="1663996874169" name="All files">
    <metrics statements="24" coveredstatements="14" conditionals="4" coveredconditionals="2" methods="12" coveredmethods="7" elements="40" coveredelements="23" complexity="0" loc="24" ncloc="24" packages="1" files="2" classes="2"/>
    <file name="carrinho.js" path="/home/yasmim/Documents/alura/node-teste/frete/carrinho.js">
      <metrics statements="12" coveredstatements="10" conditionals="2" coveredconditionals="2" methods="6" coveredmethods="6"/>
      <line num="3" count="6" type="stmt"/>
      <line num="4" count="6" type="stmt"/>
      <line num="5" count="6" type="stmt"/>
      <line num="6" count="6" type="stmt"/>
      <line num="10" count="4" type="stmt"/>
      <line num="14" count="2" type="stmt"/>
      <line num="18" count="1" type="stmt"/>
      <line num="19" count="0" type="stmt"/>
      <line num="23" count="2" type="cond" truecount="2" falsecount="0"/>
      <line num="24" count="1" type="stmt"/>
      <line num="27" count="1" type="stmt"/>
      <line num="29" count="0" type="stmt"/>
    </file>
    <file name="item.js" path="/home/yasmim/Documents/alura/node-teste/frete/item.js">
      <metrics statements="12" coveredstatements="4" conditionals="2" coveredconditionals="0" methods="6" coveredmethods="1"/>
      <line num="3" count="4" type="stmt"/>
      <line num="4" count="4" type="stmt"/>
      <line num="5" count="4" type="stmt"/>
      <line num="6" count="4" type="stmt"/>
      <line num="10" count="0" type="stmt"/>
      <line num="14" count="0" type="stmt"/>
      <line num="18" count="0" type="stmt"/>
      <line num="19" count="0" type="stmt"/>
      <line num="23" count="0" type="cond" truecount="0" falsecount="2"/>
      <line num="24" count="0" type="stmt"/>
      <line num="27" count="0" type="stmt"/>
      <line num="29" count="0" type="stmt"/>
    </file>
  </project>
</coverage>
